This file contains any messages produced by compilers while
running configure, to aid debugging if configure makes a mistake.

It was created by memcached configure 1.4.5, which was
generated by GNU Autoconf 2.63.  Invocation command line was

  $ ./configure 

## --------- ##
## Platform. ##
## --------- ##

hostname = jude-X550VC
uname -m = x86_64
uname -r = 3.16.0-71-generic
uname -s = Linux
uname -v = #91~14.04.1-Ubuntu SMP Mon Apr 18 19:43:36 UTC 2016

/usr/bin/uname -p = unknown
/bin/uname -X     = unknown

/bin/arch              = unknown
/usr/bin/arch -k       = unknown
/usr/convex/getsysinfo = unknown
/usr/bin/hostinfo      = unknown
/bin/machine           = unknown
/usr/bin/oslevel       = unknown
/bin/universe          = unknown

PATH: /home/jude/.rvm/gems/ruby-2.2.3@Hartl_rails_tutorial/bin
PATH: /home/jude/.rvm/gems/ruby-2.2.3@global/bin
PATH: /home/jude/.rvm/rubies/ruby-2.2.3/bin
PATH: /home/jude/.rbenv/plugins/ruby-build/bin
PATH: /home/jude/.rbenv/shims
PATH: /home/jude/.rbenv/bin
PATH: /usr/local/heroku/bin
PATH: /usr/local/sbin
PATH: /usr/local/bin
PATH: /usr/sbin
PATH: /usr/bin
PATH: /sbin
PATH: /bin
PATH: /usr/games
PATH: /usr/local/games
PATH: /usr/local/lib/android-sdk-linux/tools
PATH: /usr/local/lib/android-sdk-linux/platform-tools
PATH: /var/lib/gems/1.8/bin
PATH: /usr/local/lib/android-sdk-linux/tools
PATH: /usr/local/lib/android-sdk-linux/platform-tools
PATH: /var/lib/gems/1.8/bin
PATH: /home/jude/.rvm/bin


## ----------- ##
## Core tests. ##
## ----------- ##

configure:1914: checking build system type
configure:1932: result: x86_64-unknown-linux-gnu
configure:1954: checking host system type
configure:1969: result: x86_64-unknown-linux-gnu
configure:1991: checking target system type
configure:2006: result: x86_64-unknown-linux-gnu
configure:2051: checking for a BSD-compatible install
configure:2119: result: /usr/bin/install -c
configure:2130: checking whether build environment is sane
configure:2173: result: yes
configure:2198: checking for a thread-safe mkdir -p
configure:2237: result: /bin/mkdir -p
configure:2250: checking for gawk
configure:2266: found /usr/bin/gawk
configure:2277: result: gawk
configure:2288: checking whether make sets $(MAKE)
configure:2310: result: yes
configure:2545: checking for gcc
configure:2561: found /usr/bin/gcc
configure:2572: result: gcc
configure:2804: checking for C compiler version
configure:2812: gcc --version >&5
gcc (Ubuntu 4.8.4-2ubuntu1~14.04.1) 4.8.4
Copyright (C) 2013 Free Software Foundation, Inc.
This is free software; see the source for copying conditions.  There is NO
warranty; not even for MERCHANTABILITY or FITNESS FOR A PARTICULAR PURPOSE.

configure:2816: $? = 0
configure:2823: gcc -v >&5
Using built-in specs.
COLLECT_GCC=gcc
COLLECT_LTO_WRAPPER=/usr/lib/gcc/x86_64-linux-gnu/4.8/lto-wrapper
Target: x86_64-linux-gnu
Configured with: ../src/configure -v --with-pkgversion='Ubuntu 4.8.4-2ubuntu1~14.04.1' --with-bugurl=file:///usr/share/doc/gcc-4.8/README.Bugs --enable-languages=c,c++,java,go,d,fortran,objc,obj-c++ --prefix=/usr --program-suffix=-4.8 --enable-shared --enable-linker-build-id --libexecdir=/usr/lib --without-included-gettext --enable-threads=posix --with-gxx-include-dir=/usr/include/c++/4.8 --libdir=/usr/lib --enable-nls --with-sysroot=/ --enable-clocale=gnu --enable-libstdcxx-debug --enable-libstdcxx-time=yes --enable-gnu-unique-object --disable-libmudflap --enable-plugin --with-system-zlib --disable-browser-plugin --enable-java-awt=gtk --enable-gtk-cairo --with-java-home=/usr/lib/jvm/java-1.5.0-gcj-4.8-amd64/jre --enable-java-home --with-jvm-root-dir=/usr/lib/jvm/java-1.5.0-gcj-4.8-amd64 --with-jvm-jar-dir=/usr/lib/jvm-exports/java-1.5.0-gcj-4.8-amd64 --with-arch-directory=amd64 --with-ecj-jar=/usr/share/java/eclipse-ecj.jar --enable-objc-gc --enable-multiarch --disable-werror --with-arch-32=i686 --with-abi=m64 --with-multilib-list=m32,m64,mx32 --with-tune=generic --enable-checking=release --build=x86_64-linux-gnu --host=x86_64-linux-gnu --target=x86_64-linux-gnu
Thread model: posix
gcc version 4.8.4 (Ubuntu 4.8.4-2ubuntu1~14.04.1) 
configure:2827: $? = 0
configure:2834: gcc -V >&5
gcc: error: unrecognized command line option '-V'
gcc: fatal error: no input files
compilation terminated.
configure:2838: $? = 4
configure:2861: checking for C compiler default output file name
configure:2883: gcc    conftest.c  >&5
configure:2887: $? = 0
configure:2925: result: a.out
configure:2944: checking whether the C compiler works
configure:2954: ./a.out
configure:2958: $? = 0
configure:2977: result: yes
configure:2984: checking whether we are cross compiling
configure:2986: result: no
configure:2989: checking for suffix of executables
configure:2996: gcc -o conftest    conftest.c  >&5
configure:3000: $? = 0
configure:3026: result: 
configure:3032: checking for suffix of object files
configure:3058: gcc -c   conftest.c >&5
configure:3062: $? = 0
configure:3087: result: o
configure:3091: checking whether we are using the GNU C compiler
configure:3120: gcc -c   conftest.c >&5
configure:3127: $? = 0
configure:3144: result: yes
configure:3153: checking whether gcc accepts -g
configure:3183: gcc -c -g  conftest.c >&5
configure:3190: $? = 0
configure:3291: result: yes
configure:3308: checking for gcc option to accept ISO C89
configure:3382: gcc  -c -g -O2  conftest.c >&5
configure:3389: $? = 0
configure:3412: result: none needed
configure:3441: checking for style of include used by make
configure:3469: result: GNU
configure:3494: checking dependency style of gcc
configure:3585: result: gcc3
configure:3609: checking how to run the C preprocessor
configure:3649: gcc -E  conftest.c
configure:3656: $? = 0
configure:3687: gcc -E  conftest.c
conftest.c:10:28: fatal error: ac_nonexistent.h: No such file or directory
 #include <ac_nonexistent.h>
                            ^
compilation terminated.
configure:3694: $? = 1
configure: failed program was:
| /* confdefs.h.  */
| #define PACKAGE_NAME "memcached"
| #define PACKAGE_TARNAME "memcached"
| #define PACKAGE_VERSION "1.4.5"
| #define PACKAGE_STRING "memcached 1.4.5"
| #define PACKAGE_BUGREPORT "memcached@googlegroups.com"
| #define PACKAGE "memcached"
| #define VERSION "1.4.5"
| /* end confdefs.h.  */
| #include <ac_nonexistent.h>
configure:3727: result: gcc -E
configure:3756: gcc -E  conftest.c
configure:3763: $? = 0
configure:3794: gcc -E  conftest.c
conftest.c:10:28: fatal error: ac_nonexistent.h: No such file or directory
 #include <ac_nonexistent.h>
                            ^
compilation terminated.
configure:3801: $? = 1
configure: failed program was:
| /* confdefs.h.  */
| #define PACKAGE_NAME "memcached"
| #define PACKAGE_TARNAME "memcached"
| #define PACKAGE_VERSION "1.4.5"
| #define PACKAGE_STRING "memcached 1.4.5"
| #define PACKAGE_BUGREPORT "memcached@googlegroups.com"
| #define PACKAGE "memcached"
| #define VERSION "1.4.5"
| /* end confdefs.h.  */
| #include <ac_nonexistent.h>
configure:3841: checking for grep that handles long lines and -e
configure:3901: result: /bin/grep
configure:3906: checking for egrep
configure:3970: result: /bin/grep -E
configure:3977: checking for icc in use
configure:3990: result: no
configure:4012: checking for Sun cc in use
configure:4050: gcc -o conftest -g -O2   conftest.c  >&5
configure:4054: $? = 0
configure:4060: ./conftest
configure:4064: $? = 1
configure: program exited with status 1
configure: failed program was:
| /* confdefs.h.  */
| #define PACKAGE_NAME "memcached"
| #define PACKAGE_TARNAME "memcached"
| #define PACKAGE_VERSION "1.4.5"
| #define PACKAGE_STRING "memcached 1.4.5"
| #define PACKAGE_BUGREPORT "memcached@googlegroups.com"
| #define PACKAGE "memcached"
| #define VERSION "1.4.5"
| /* end confdefs.h.  */
| 
| int
| main ()
| {
| #ifdef __SUNPRO_C
|    return 0;
| #else
|    return 1;
| #endif
| 
|   ;
|   return 0;
| }
| 
configure:4079: result: no
configure:4092: checking for gcc option to accept ISO C99
configure:4251: gcc  -c -g -O2  conftest.c >&5
conftest.c:60:29: error: expected ';', ',' or ')' before 'text'
 test_restrict (ccp restrict text)
                             ^
conftest.c: In function 'main':
conftest.c:114:18: error: expected '=', ',', ';', 'asm' or '__attribute__' before 'newvar'
   char *restrict newvar = "Another string";
                  ^
conftest.c:114:18: error: 'newvar' undeclared (first use in this function)
conftest.c:114:18: note: each undeclared identifier is reported only once for each function it appears in
conftest.c:124:3: error: 'for' loop initial declarations are only allowed in C99 mode
   for (int i = 0; i < ia->datasize; ++i)
   ^
conftest.c:124:3: note: use option -std=c99 or -std=gnu99 to compile your code
configure:4258: $? = 1
configure: failed program was:
| /* confdefs.h.  */
| #define PACKAGE_NAME "memcached"
| #define PACKAGE_TARNAME "memcached"
| #define PACKAGE_VERSION "1.4.5"
| #define PACKAGE_STRING "memcached 1.4.5"
| #define PACKAGE_BUGREPORT "memcached@googlegroups.com"
| #define PACKAGE "memcached"
| #define VERSION "1.4.5"
| /* end confdefs.h.  */
| #include <stdarg.h>
| #include <stdbool.h>
| #include <stdlib.h>
| #include <wchar.h>
| #include <stdio.h>
| 
| // Check varargs macros.  These examples are taken from C99 6.10.3.5.
| #define debug(...) fprintf (stderr, __VA_ARGS__)
| #define showlist(...) puts (#__VA_ARGS__)
| #define report(test,...) ((test) ? puts (#test) : printf (__VA_ARGS__))
| static void
| test_varargs_macros (void)
| {
|   int x = 1234;
|   int y = 5678;
|   debug ("Flag");
|   debug ("X = %d\n", x);
|   showlist (The first, second, and third items.);
|   report (x>y, "x is %d but y is %d", x, y);
| }
| 
| // Check long long types.
| #define BIG64 18446744073709551615ull
| #define BIG32 4294967295ul
| #define BIG_OK (BIG64 / BIG32 == 4294967297ull && BIG64 % BIG32 == 0)
| #if !BIG_OK
|   your preprocessor is broken;
| #endif
| #if BIG_OK
| #else
|   your preprocessor is broken;
| #endif
| static long long int bignum = -9223372036854775807LL;
| static unsigned long long int ubignum = BIG64;
| 
| struct incomplete_array
| {
|   int datasize;
|   double data[];
| };
| 
| struct named_init {
|   int number;
|   const wchar_t *name;
|   double average;
| };
| 
| typedef const char *ccp;
| 
| static inline int
| test_restrict (ccp restrict text)
| {
|   // See if C++-style comments work.
|   // Iterate through items via the restricted pointer.
|   // Also check for declarations in for loops.
|   for (unsigned int i = 0; *(text+i) != '\0'; ++i)
|     continue;
|   return 0;
| }
| 
| // Check varargs and va_copy.
| static void
| test_varargs (const char *format, ...)
| {
|   va_list args;
|   va_start (args, format);
|   va_list args_copy;
|   va_copy (args_copy, args);
| 
|   const char *str;
|   int number;
|   float fnumber;
| 
|   while (*format)
|     {
|       switch (*format++)
| 	{
| 	case 's': // string
| 	  str = va_arg (args_copy, const char *);
| 	  break;
| 	case 'd': // int
| 	  number = va_arg (args_copy, int);
| 	  break;
| 	case 'f': // float
| 	  fnumber = va_arg (args_copy, double);
| 	  break;
| 	default:
| 	  break;
| 	}
|     }
|   va_end (args_copy);
|   va_end (args);
| }
| 
| int
| main ()
| {
| 
|   // Check bool.
|   _Bool success = false;
| 
|   // Check restrict.
|   if (test_restrict ("String literal") == 0)
|     success = true;
|   char *restrict newvar = "Another string";
| 
|   // Check varargs.
|   test_varargs ("s, d' f .", "string", 65, 34.234);
|   test_varargs_macros ();
| 
|   // Check flexible array members.
|   struct incomplete_array *ia =
|     malloc (sizeof (struct incomplete_array) + (sizeof (double) * 10));
|   ia->datasize = 10;
|   for (int i = 0; i < ia->datasize; ++i)
|     ia->data[i] = i * 1.234;
| 
|   // Check named initializers.
|   struct named_init ni = {
|     .number = 34,
|     .name = L"Test wide string",
|     .average = 543.34343,
|   };
| 
|   ni.number = 58;
| 
|   int dynamic_array[ni.number];
|   dynamic_array[ni.number - 1] = 543;
| 
|   // work around unused variable warnings
|   return (!success || bignum == 0LL || ubignum == 0uLL || newvar[0] == 'x'
| 	  || dynamic_array[ni.number - 1] != 543);
| 
|   ;
|   return 0;
| }
configure:4251: gcc -std=gnu99 -c -g -O2  conftest.c >&5
configure:4258: $? = 0
configure:4288: result: -std=gnu99
configure:4296: checking whether gcc -std=gnu99 and cc understand -c and -o together
configure:4331: gcc -std=gnu99 -c conftest.c -o conftest2.o >&5
configure:4335: $? = 0
configure:4341: gcc -std=gnu99 -c conftest.c -o conftest2.o >&5
configure:4345: $? = 0
configure:4356: cc -c conftest.c >&5
configure:4360: $? = 0
configure:4368: cc -c conftest.c -o conftest2.o >&5
configure:4372: $? = 0
configure:4378: cc -c conftest.c -o conftest2.o >&5
configure:4382: $? = 0
configure:4400: result: yes
configure:4441: checking for a BSD-compatible install
configure:4509: result: /usr/bin/install -c
configure:4541: checking for ANSI C header files
configure:4571: gcc -std=gnu99 -c -g -O2  conftest.c >&5
configure:4578: $? = 0
configure:4677: gcc -std=gnu99 -o conftest -g -O2   conftest.c  >&5
configure:4681: $? = 0
configure:4687: ./conftest
configure:4691: $? = 0
configure:4709: result: yes
configure:4733: checking for sys/types.h
configure:4754: gcc -std=gnu99 -c -g -O2  conftest.c >&5
configure:4761: $? = 0
configure:4778: result: yes
configure:4733: checking for sys/stat.h
configure:4754: gcc -std=gnu99 -c -g -O2  conftest.c >&5
configure:4761: $? = 0
configure:4778: result: yes
configure:4733: checking for stdlib.h
configure:4754: gcc -std=gnu99 -c -g -O2  conftest.c >&5
configure:4761: $? = 0
configure:4778: result: yes
configure:4733: checking for string.h
configure:4754: gcc -std=gnu99 -c -g -O2  conftest.c >&5
configure:4761: $? = 0
configure:4778: result: yes
configure:4733: checking for memory.h
configure:4754: gcc -std=gnu99 -c -g -O2  conftest.c >&5
configure:4761: $? = 0
configure:4778: result: yes
configure:4733: checking for strings.h
configure:4754: gcc -std=gnu99 -c -g -O2  conftest.c >&5
configure:4761: $? = 0
configure:4778: result: yes
configure:4733: checking for inttypes.h
configure:4754: gcc -std=gnu99 -c -g -O2  conftest.c >&5
configure:4761: $? = 0
configure:4778: result: yes
configure:4733: checking for stdint.h
configure:4754: gcc -std=gnu99 -c -g -O2  conftest.c >&5
configure:4761: $? = 0
configure:4778: result: yes
configure:4733: checking for unistd.h
configure:4754: gcc -std=gnu99 -c -g -O2  conftest.c >&5
configure:4761: $? = 0
configure:4778: result: yes
configure:4808: checking sasl/sasl.h usability
configure:4825: gcc -std=gnu99 -c -g -O2  conftest.c >&5
conftest.c:53:23: fatal error: sasl/sasl.h: No such file or directory
 #include <sasl/sasl.h>
                       ^
compilation terminated.
configure:4832: $? = 1
configure: failed program was:
| /* confdefs.h.  */
| #define PACKAGE_NAME "memcached"
| #define PACKAGE_TARNAME "memcached"
| #define PACKAGE_VERSION "1.4.5"
| #define PACKAGE_STRING "memcached 1.4.5"
| #define PACKAGE_BUGREPORT "memcached@googlegroups.com"
| #define PACKAGE "memcached"
| #define VERSION "1.4.5"
| #define STDC_HEADERS 1
| #define HAVE_SYS_TYPES_H 1
| #define HAVE_SYS_STAT_H 1
| #define HAVE_STDLIB_H 1
| #define HAVE_STRING_H 1
| #define HAVE_MEMORY_H 1
| #define HAVE_STRINGS_H 1
| #define HAVE_INTTYPES_H 1
| #define HAVE_STDINT_H 1
| #define HAVE_UNISTD_H 1
| /* end confdefs.h.  */
| #include <stdio.h>
| #ifdef HAVE_SYS_TYPES_H
| # include <sys/types.h>
| #endif
| #ifdef HAVE_SYS_STAT_H
| # include <sys/stat.h>
| #endif
| #ifdef STDC_HEADERS
| # include <stdlib.h>
| # include <stddef.h>
| #else
| # ifdef HAVE_STDLIB_H
| #  include <stdlib.h>
| # endif
| #endif
| #ifdef HAVE_STRING_H
| # if !defined STDC_HEADERS && defined HAVE_MEMORY_H
| #  include <memory.h>
| # endif
| # include <string.h>
| #endif
| #ifdef HAVE_STRINGS_H
| # include <strings.h>
| #endif
| #ifdef HAVE_INTTYPES_H
| # include <inttypes.h>
| #endif
| #ifdef HAVE_STDINT_H
| # include <stdint.h>
| #endif
| #ifdef HAVE_UNISTD_H
| # include <unistd.h>
| #endif
| #include <sasl/sasl.h>
configure:4846: result: no
configure:4850: checking sasl/sasl.h presence
configure:4865: gcc -E  conftest.c
conftest.c:20:23: fatal error: sasl/sasl.h: No such file or directory
 #include <sasl/sasl.h>
                       ^
compilation terminated.
configure:4872: $? = 1
configure: failed program was:
| /* confdefs.h.  */
| #define PACKAGE_NAME "memcached"
| #define PACKAGE_TARNAME "memcached"
| #define PACKAGE_VERSION "1.4.5"
| #define PACKAGE_STRING "memcached 1.4.5"
| #define PACKAGE_BUGREPORT "memcached@googlegroups.com"
| #define PACKAGE "memcached"
| #define VERSION "1.4.5"
| #define STDC_HEADERS 1
| #define HAVE_SYS_TYPES_H 1
| #define HAVE_SYS_STAT_H 1
| #define HAVE_STDLIB_H 1
| #define HAVE_STRING_H 1
| #define HAVE_MEMORY_H 1
| #define HAVE_STRINGS_H 1
| #define HAVE_INTTYPES_H 1
| #define HAVE_STDINT_H 1
| #define HAVE_UNISTD_H 1
| /* end confdefs.h.  */
| #include <sasl/sasl.h>
configure:4886: result: no
configure:4919: checking for sasl/sasl.h
configure:4928: result: no
configure:5238: checking for gcov
configure:5256: found /usr/bin/gcov
configure:5269: result: /usr/bin/gcov
configure:5279: checking for main in -lgcov
configure:5308: gcc -std=gnu99 -o conftest -g -O2 -pthread   conftest.c -lgcov   >&5
configure:5315: $? = 0
configure:5336: result: yes
configure:5497: checking for libevent directory
configure:5551: gcc -std=gnu99 -o conftest -g -O2 -pthread   conftest.c  -levent >&5
conftest.c:22:19: fatal error: event.h: No such file or directory
 #include <event.h>
                   ^
compilation terminated.
configure:5558: $? = 1
configure: failed program was:
| /* confdefs.h.  */
| #define PACKAGE_NAME "memcached"
| #define PACKAGE_TARNAME "memcached"
| #define PACKAGE_VERSION "1.4.5"
| #define PACKAGE_STRING "memcached 1.4.5"
| #define PACKAGE_BUGREPORT "memcached@googlegroups.com"
| #define PACKAGE "memcached"
| #define VERSION "1.4.5"
| #define STDC_HEADERS 1
| #define HAVE_SYS_TYPES_H 1
| #define HAVE_SYS_STAT_H 1
| #define HAVE_STDLIB_H 1
| #define HAVE_STRING_H 1
| #define HAVE_MEMORY_H 1
| #define HAVE_STRINGS_H 1
| #define HAVE_INTTYPES_H 1
| #define HAVE_STDINT_H 1
| #define HAVE_UNISTD_H 1
| /* end confdefs.h.  */
| #include <sys/time.h>
| #include <sys/types.h>
| #include <event.h>
| int
| main ()
| {
|  event_init();
|   ;
|   return 0;
| }
configure:5551: gcc -std=gnu99 -o conftest -g -O2 -pthread -I/usr/local/include  -L/usr/local/lib  conftest.c  -levent >&5
conftest.c:22:19: fatal error: event.h: No such file or directory
 #include <event.h>
                   ^
compilation terminated.
configure:5558: $? = 1
configure: failed program was:
| /* confdefs.h.  */
| #define PACKAGE_NAME "memcached"
| #define PACKAGE_TARNAME "memcached"
| #define PACKAGE_VERSION "1.4.5"
| #define PACKAGE_STRING "memcached 1.4.5"
| #define PACKAGE_BUGREPORT "memcached@googlegroups.com"
| #define PACKAGE "memcached"
| #define VERSION "1.4.5"
| #define STDC_HEADERS 1
| #define HAVE_SYS_TYPES_H 1
| #define HAVE_SYS_STAT_H 1
| #define HAVE_STDLIB_H 1
| #define HAVE_STRING_H 1
| #define HAVE_MEMORY_H 1
| #define HAVE_STRINGS_H 1
| #define HAVE_INTTYPES_H 1
| #define HAVE_STDINT_H 1
| #define HAVE_UNISTD_H 1
| /* end confdefs.h.  */
| #include <sys/time.h>
| #include <sys/types.h>
| #include <event.h>
| int
| main ()
| {
|  event_init();
|   ;
|   return 0;
| }
configure:5594: error: libevent is required.  You can get it from http://www.monkey.org/~provos/libevent/

      If it's already installed, specify its path using --with-libevent=/dir/


## ---------------- ##
## Cache variables. ##
## ---------------- ##

ac_cv_build=x86_64-unknown-linux-gnu
ac_cv_c_compiler_gnu=yes
ac_cv_env_CC_set=
ac_cv_env_CC_value=
ac_cv_env_CFLAGS_set=
ac_cv_env_CFLAGS_value=
ac_cv_env_CPPFLAGS_set=
ac_cv_env_CPPFLAGS_value=
ac_cv_env_CPP_set=
ac_cv_env_CPP_value=
ac_cv_env_LDFLAGS_set=
ac_cv_env_LDFLAGS_value=
ac_cv_env_LIBS_set=
ac_cv_env_LIBS_value=
ac_cv_env_build_alias_set=
ac_cv_env_build_alias_value=
ac_cv_env_host_alias_set=
ac_cv_env_host_alias_value=
ac_cv_env_target_alias_set=
ac_cv_env_target_alias_value=
ac_cv_header_inttypes_h=yes
ac_cv_header_memory_h=yes
ac_cv_header_sasl_sasl_h=no
ac_cv_header_stdc=yes
ac_cv_header_stdint_h=yes
ac_cv_header_stdlib_h=yes
ac_cv_header_string_h=yes
ac_cv_header_strings_h=yes
ac_cv_header_sys_stat_h=yes
ac_cv_header_sys_types_h=yes
ac_cv_header_unistd_h=yes
ac_cv_host=x86_64-unknown-linux-gnu
ac_cv_lib_gcov_main=yes
ac_cv_objext=o
ac_cv_path_EGREP='/bin/grep -E'
ac_cv_path_GREP=/bin/grep
ac_cv_path_PROFILER=/usr/bin/gcov
ac_cv_path_install='/usr/bin/install -c'
ac_cv_path_mkdir=/bin/mkdir
ac_cv_prog_AWK=gawk
ac_cv_prog_CPP='gcc -E'
ac_cv_prog_ac_ct_CC=gcc
ac_cv_prog_cc_c89=
ac_cv_prog_cc_c99=-std=gnu99
ac_cv_prog_cc_g=yes
ac_cv_prog_cc_gcc_c_o=yes
ac_cv_prog_make_make_set=yes
ac_cv_target=x86_64-unknown-linux-gnu
am_cv_CC_dependencies_compiler_type=gcc3

## ----------------- ##
## Output variables. ##
## ----------------- ##

ACLOCAL='${SHELL} /home/jude/rails_programs/night_fight/memcached-1.4.5/missing --run aclocal-1.10'
AMDEPBACKSLASH='\'
AMDEP_FALSE='#'
AMDEP_TRUE=''
AMTAR='${SHELL} /home/jude/rails_programs/night_fight/memcached-1.4.5/missing --run tar'
AUTOCONF='${SHELL} /home/jude/rails_programs/night_fight/memcached-1.4.5/missing --run autoconf'
AUTOHEADER='${SHELL} /home/jude/rails_programs/night_fight/memcached-1.4.5/missing --run autoheader'
AUTOMAKE='${SHELL} /home/jude/rails_programs/night_fight/memcached-1.4.5/missing --run automake-1.10'
AWK='gawk'
BUILD_CACHE_FALSE=''
BUILD_CACHE_TRUE=''
BUILD_DTRACE_FALSE=''
BUILD_DTRACE_TRUE='#'
BUILD_SOLARIS_PRIVS_FALSE=''
BUILD_SOLARIS_PRIVS_TRUE=''
BUILD_SPECIFICATIONS_FALSE=''
BUILD_SPECIFICATIONS_TRUE=''
CC='gcc -std=gnu99'
CCDEPMODE='depmode=gcc3'
CFLAGS='-g -O2 -pthread'
CPP='gcc -E'
CPPFLAGS=''
CYGPATH_W='echo'
DEFS=''
DEPDIR='.deps'
DTRACE=''
DTRACEFLAGS=''
DTRACE_INSTRUMENT_OBJ_FALSE=''
DTRACE_INSTRUMENT_OBJ_TRUE='#'
ECHO_C=''
ECHO_N='-n'
ECHO_T=''
EGREP='/bin/grep -E'
ENABLE_SASL=''
ENABLE_SASL_FALSE=''
ENABLE_SASL_TRUE='#'
EXEEXT=''
GREP='/bin/grep'
INSTALL_DATA='${INSTALL} -m 644'
INSTALL_PROGRAM='${INSTALL}'
INSTALL_SCRIPT='${INSTALL}'
INSTALL_STRIP_PROGRAM='$(install_sh) -c -s'
LDFLAGS=''
LIBOBJS=''
LIBS=''
LTLIBOBJS=''
MAKEINFO='${SHELL} /home/jude/rails_programs/night_fight/memcached-1.4.5/missing --run makeinfo'
MKDIR_P='/bin/mkdir -p'
OBJEXT='o'
PACKAGE='memcached'
PACKAGE_BUGREPORT='memcached@googlegroups.com'
PACKAGE_NAME='memcached'
PACKAGE_STRING='memcached 1.4.5'
PACKAGE_TARNAME='memcached'
PACKAGE_VERSION='1.4.5'
PATH_SEPARATOR=':'
PROFILER='/usr/bin/gcov'
PROFILER_FLAGS='-fprofile-arcs -ftest-coverage'
PROFILER_LDFLAGS='-lgcov'
SET_MAKE=''
SHELL='/bin/bash'
STRIP=''
VERSION='1.4.5'
XML2RFC=''
XSLTPROC=''
ac_ct_CC='gcc'
am__fastdepCC_FALSE='#'
am__fastdepCC_TRUE=''
am__include='include'
am__isrc=''
am__leading_dot='.'
am__quote=''
am__tar='${AMTAR} chof - "$$tardir"'
am__untar='${AMTAR} xf -'
bindir='${exec_prefix}/bin'
build='x86_64-unknown-linux-gnu'
build_alias=''
build_cpu='x86_64'
build_os='linux-gnu'
build_vendor='unknown'
datadir='${datarootdir}'
datarootdir='${prefix}/share'
docdir='${datarootdir}/doc/${PACKAGE_TARNAME}'
dvidir='${docdir}'
exec_prefix='NONE'
host='x86_64-unknown-linux-gnu'
host_alias=''
host_cpu='x86_64'
host_os='linux-gnu'
host_vendor='unknown'
htmldir='${docdir}'
includedir='${prefix}/include'
infodir='${datarootdir}/info'
install_sh='$(SHELL) /home/jude/rails_programs/night_fight/memcached-1.4.5/install-sh'
libdir='${exec_prefix}/lib'
libexecdir='${exec_prefix}/libexec'
localedir='${datarootdir}/locale'
localstatedir='${prefix}/var'
mandir='${datarootdir}/man'
mkdir_p='/bin/mkdir -p'
oldincludedir='/usr/include'
pdfdir='${docdir}'
prefix='NONE'
program_transform_name='s,x,x,'
psdir='${docdir}'
sbindir='${exec_prefix}/sbin'
sharedstatedir='${prefix}/com'
sysconfdir='${prefix}/etc'
target='x86_64-unknown-linux-gnu'
target_alias=''
target_cpu='x86_64'
target_os='linux-gnu'
target_vendor='unknown'

## ----------- ##
## confdefs.h. ##
## ----------- ##

#define PACKAGE_NAME "memcached"
#define PACKAGE_TARNAME "memcached"
#define PACKAGE_VERSION "1.4.5"
#define PACKAGE_STRING "memcached 1.4.5"
#define PACKAGE_BUGREPORT "memcached@googlegroups.com"
#define PACKAGE "memcached"
#define VERSION "1.4.5"
#define STDC_HEADERS 1
#define HAVE_SYS_TYPES_H 1
#define HAVE_SYS_STAT_H 1
#define HAVE_STDLIB_H 1
#define HAVE_STRING_H 1
#define HAVE_MEMORY_H 1
#define HAVE_STRINGS_H 1
#define HAVE_INTTYPES_H 1
#define HAVE_STDINT_H 1
#define HAVE_UNISTD_H 1

configure: exit 1
